/home/rodrigo-07/Github/Ponderada-M06-S01/workspace_ponderada/install/TurtleDraw/lib/python3.10/site-packages/TurtleDraw/teste.py
/home/rodrigo-07/Github/Ponderada-M06-S01/workspace_ponderada/install/TurtleDraw/lib/python3.10/site-packages/TurtleDraw/__init__.py
/home/rodrigo-07/Github/Ponderada-M06-S01/workspace_ponderada/install/TurtleDraw/lib/python3.10/site-packages/TurtleDraw/move_turtle.py
/home/rodrigo-07/Github/Ponderada-M06-S01/workspace_ponderada/install/TurtleDraw/lib/python3.10/site-packages/TurtleDraw/draw.py
/home/rodrigo-07/Github/Ponderada-M06-S01/workspace_ponderada/install/TurtleDraw/lib/python3.10/site-packages/TurtleDraw/draw_image_turtles.py
/home/rodrigo-07/Github/Ponderada-M06-S01/workspace_ponderada/install/TurtleDraw/lib/python3.10/site-packages/TurtleDraw/__pycache__/teste.cpython-310.pyc
/home/rodrigo-07/Github/Ponderada-M06-S01/workspace_ponderada/install/TurtleDraw/lib/python3.10/site-packages/TurtleDraw/__pycache__/__init__.cpython-310.pyc
/home/rodrigo-07/Github/Ponderada-M06-S01/workspace_ponderada/install/TurtleDraw/lib/python3.10/site-packages/TurtleDraw/__pycache__/move_turtle.cpython-310.pyc
/home/rodrigo-07/Github/Ponderada-M06-S01/workspace_ponderada/install/TurtleDraw/lib/python3.10/site-packages/TurtleDraw/__pycache__/draw.cpython-310.pyc
/home/rodrigo-07/Github/Ponderada-M06-S01/workspace_ponderada/install/TurtleDraw/lib/python3.10/site-packages/TurtleDraw/__pycache__/draw_image_turtles.cpython-310.pyc
/home/rodrigo-07/Github/Ponderada-M06-S01/workspace_ponderada/install/TurtleDraw/share/ament_index/resource_index/packages/TurtleDraw
/home/rodrigo-07/Github/Ponderada-M06-S01/workspace_ponderada/install/TurtleDraw/share/TurtleDraw/package.xml
/home/rodrigo-07/Github/Ponderada-M06-S01/workspace_ponderada/install/TurtleDraw/lib/python3.10/site-packages/TurtleDraw-0.0.0-py3.10.egg-info/dependency_links.txt
/home/rodrigo-07/Github/Ponderada-M06-S01/workspace_ponderada/install/TurtleDraw/lib/python3.10/site-packages/TurtleDraw-0.0.0-py3.10.egg-info/requires.txt
/home/rodrigo-07/Github/Ponderada-M06-S01/workspace_ponderada/install/TurtleDraw/lib/python3.10/site-packages/TurtleDraw-0.0.0-py3.10.egg-info/top_level.txt
/home/rodrigo-07/Github/Ponderada-M06-S01/workspace_ponderada/install/TurtleDraw/lib/python3.10/site-packages/TurtleDraw-0.0.0-py3.10.egg-info/entry_points.txt
/home/rodrigo-07/Github/Ponderada-M06-S01/workspace_ponderada/install/TurtleDraw/lib/python3.10/site-packages/TurtleDraw-0.0.0-py3.10.egg-info/PKG-INFO
/home/rodrigo-07/Github/Ponderada-M06-S01/workspace_ponderada/install/TurtleDraw/lib/python3.10/site-packages/TurtleDraw-0.0.0-py3.10.egg-info/zip-safe
/home/rodrigo-07/Github/Ponderada-M06-S01/workspace_ponderada/install/TurtleDraw/lib/python3.10/site-packages/TurtleDraw-0.0.0-py3.10.egg-info/SOURCES.txt
/home/rodrigo-07/Github/Ponderada-M06-S01/workspace_ponderada/install/TurtleDraw/lib/TurtleDraw/draw_turtle
/home/rodrigo-07/Github/Ponderada-M06-S01/workspace_ponderada/install/TurtleDraw/lib/TurtleDraw/draw_turtle_image
/home/rodrigo-07/Github/Ponderada-M06-S01/workspace_ponderada/install/TurtleDraw/lib/TurtleDraw/move_turtle
