[1.846s] Invoking command in '/home/rodrigo-07/Github/Ponderada-M06-S01/workspace_ponderada/src/TurtleDraw': PYTHONPATH=/home/rodrigo-07/Github/Ponderada-M06-S01/workspace_ponderada/build/TurtleDraw/prefix_override:/home/rodrigo-07/Github/Ponderada-M06-S01/workspace_ponderada/install/TurtleDraw/lib/python3.10/site-packages:${PYTHONPATH} /usr/bin/python3 -W ignore:setup.py install is deprecated setup.py egg_info --egg-base ../../build/TurtleDraw build --build-base /home/rodrigo-07/Github/Ponderada-M06-S01/workspace_ponderada/build/TurtleDraw/build install --record /home/rodrigo-07/Github/Ponderada-M06-S01/workspace_ponderada/build/TurtleDraw/install.log --single-version-externally-managed install_data
[2.014s] running egg_info
[2.014s] creating ../../build/TurtleDraw/TurtleDraw.egg-info
[2.014s] writing ../../build/TurtleDraw/TurtleDraw.egg-info/PKG-INFO
[2.014s] writing dependency_links to ../../build/TurtleDraw/TurtleDraw.egg-info/dependency_links.txt
[2.014s] writing entry points to ../../build/TurtleDraw/TurtleDraw.egg-info/entry_points.txt
[2.014s] writing requirements to ../../build/TurtleDraw/TurtleDraw.egg-info/requires.txt
[2.015s] writing top-level names to ../../build/TurtleDraw/TurtleDraw.egg-info/top_level.txt
[2.015s] writing manifest file '../../build/TurtleDraw/TurtleDraw.egg-info/SOURCES.txt'
[2.016s] reading manifest file '../../build/TurtleDraw/TurtleDraw.egg-info/SOURCES.txt'
[2.016s] writing manifest file '../../build/TurtleDraw/TurtleDraw.egg-info/SOURCES.txt'
[2.016s] running build
[2.016s] running build_py
[2.016s] creating /home/rodrigo-07/Github/Ponderada-M06-S01/workspace_ponderada/build/TurtleDraw/build
[2.016s] creating /home/rodrigo-07/Github/Ponderada-M06-S01/workspace_ponderada/build/TurtleDraw/build/lib
[2.016s] creating /home/rodrigo-07/Github/Ponderada-M06-S01/workspace_ponderada/build/TurtleDraw/build/lib/TurtleDraw
[2.016s] copying TurtleDraw/__init__.py -> /home/rodrigo-07/Github/Ponderada-M06-S01/workspace_ponderada/build/TurtleDraw/build/lib/TurtleDraw
[2.016s] running install
[2.017s] running install_lib
[2.017s] creating /home/rodrigo-07/Github/Ponderada-M06-S01/workspace_ponderada/install/TurtleDraw/lib/python3.10/site-packages/TurtleDraw
[2.017s] copying /home/rodrigo-07/Github/Ponderada-M06-S01/workspace_ponderada/build/TurtleDraw/build/lib/TurtleDraw/__init__.py -> /home/rodrigo-07/Github/Ponderada-M06-S01/workspace_ponderada/install/TurtleDraw/lib/python3.10/site-packages/TurtleDraw
[2.017s] byte-compiling /home/rodrigo-07/Github/Ponderada-M06-S01/workspace_ponderada/install/TurtleDraw/lib/python3.10/site-packages/TurtleDraw/__init__.py to __init__.cpython-310.pyc
[2.018s] running install_data
[2.018s] creating /home/rodrigo-07/Github/Ponderada-M06-S01/workspace_ponderada/install/TurtleDraw/share/ament_index
[2.018s] creating /home/rodrigo-07/Github/Ponderada-M06-S01/workspace_ponderada/install/TurtleDraw/share/ament_index/resource_index
[2.018s] creating /home/rodrigo-07/Github/Ponderada-M06-S01/workspace_ponderada/install/TurtleDraw/share/ament_index/resource_index/packages
[2.018s] copying resource/TurtleDraw -> /home/rodrigo-07/Github/Ponderada-M06-S01/workspace_ponderada/install/TurtleDraw/share/ament_index/resource_index/packages
[2.018s] copying package.xml -> /home/rodrigo-07/Github/Ponderada-M06-S01/workspace_ponderada/install/TurtleDraw/share/TurtleDraw
[2.018s] running install_egg_info
[2.019s] Copying ../../build/TurtleDraw/TurtleDraw.egg-info to /home/rodrigo-07/Github/Ponderada-M06-S01/workspace_ponderada/install/TurtleDraw/lib/python3.10/site-packages/TurtleDraw-0.0.0-py3.10.egg-info
[2.020s] running install_scripts
[2.033s] writing list of installed files to '/home/rodrigo-07/Github/Ponderada-M06-S01/workspace_ponderada/build/TurtleDraw/install.log'
[2.052s] Invoked command in '/home/rodrigo-07/Github/Ponderada-M06-S01/workspace_ponderada/src/TurtleDraw' returned '0': PYTHONPATH=/home/rodrigo-07/Github/Ponderada-M06-S01/workspace_ponderada/build/TurtleDraw/prefix_override:/home/rodrigo-07/Github/Ponderada-M06-S01/workspace_ponderada/install/TurtleDraw/lib/python3.10/site-packages:${PYTHONPATH} /usr/bin/python3 -W ignore:setup.py install is deprecated setup.py egg_info --egg-base ../../build/TurtleDraw build --build-base /home/rodrigo-07/Github/Ponderada-M06-S01/workspace_ponderada/build/TurtleDraw/build install --record /home/rodrigo-07/Github/Ponderada-M06-S01/workspace_ponderada/build/TurtleDraw/install.log --single-version-externally-managed install_data
